<?xml version="1.0" encoding="UTF-8"?>
<testsuite xmlns:xsi="http://www.w3.org/2001/XMLSchema-instance" xsi:noNamespaceSchemaLocation="https://maven.apache.org/surefire/maven-surefire-plugin/xsd/surefire-test-report-3.0.xsd" version="3.0" name="com.example.librarymanagement.service.UserServiceTest" time="3.476" tests="18" errors="0" skipped="0" failures="0">
  <properties>
[...]
</properties>
  <testcase name="testFindByIdSuccess" classname="com.example.librarymanagement.service.UserServiceTest" time="0.007">
    <system-out><![CDATA[2025-12-30T20:55:22.478+08:00  INFO 2816 --- [           main] t.c.s.AnnotationConfigContextLoaderUtils : Could not detect default configuration classes for test class [com.example.librarymanagement.service.UserServiceTest]: UserServiceTest does not declare any static, non-private, non-final, nested classes annotated with @Configuration.
2025-12-30T20:55:22.482+08:00  INFO 2816 --- [           main] .b.t.c.SpringBootTestContextBootstrapper : Found @SpringBootConfiguration com.example.librarymanagement.LibraryManagementApplication for test class com.example.librarymanagement.service.UserServiceTest

  .   ____          _            __ _ _
 /\\ / ___'_ __ _ _(_)_ __  __ _ \ \ \ \
( ( )\___ | '_ | '_| | '_ \/ _` | \ \ \ \
 \\/  ___)| |_)| | | | | || (_| |  ) ) ) )
  '  |____| .__|_| |_|_| |_\__, | / / / /
 =========|_|==============|___/=/_/_/_/
 :: Spring Boot ::                (v3.2.0)

2025-12-30T20:55:22.514+08:00  INFO 2816 --- [           main] c.e.l.service.UserServiceTest            : Starting UserServiceTest using Java 21.0.8 with PID 2816 (started by 叶如 in D:\Rita的college\大三上\软件工程\图书管理系统\backend)
2025-12-30T20:55:22.514+08:00  INFO 2816 --- [           main] c.e.l.service.UserServiceTest            : No active profile set, falling back to 1 default profile: "default"
2025-12-30T20:55:22.777+08:00  INFO 2816 --- [           main] .s.d.r.c.RepositoryConfigurationDelegate : Bootstrapping Spring Data JPA repositories in DEFAULT mode.
2025-12-30T20:55:22.790+08:00  INFO 2816 --- [           main] .s.d.r.c.RepositoryConfigurationDelegate : Finished Spring Data repository scanning in 11 ms. Found 3 JPA repository interfaces.
2025-12-30T20:55:23.039+08:00  INFO 2816 --- [           main] o.hibernate.jpa.internal.util.LogHelper  : HHH000204: Processing PersistenceUnitInfo [name: default]
2025-12-30T20:55:23.041+08:00  INFO 2816 --- [           main] o.h.c.internal.RegionFactoryInitiator    : HHH000026: Second-level cache disabled
2025-12-30T20:55:23.045+08:00  INFO 2816 --- [           main] o.s.o.j.p.SpringPersistenceUnitInfo      : No LoadTimeWeaver setup: ignoring JPA class transformer
2025-12-30T20:55:23.046+08:00  INFO 2816 --- [           main] com.zaxxer.hikari.HikariDataSource       : HikariPool-3 - Starting...
2025-12-30T20:55:23.048+08:00  INFO 2816 --- [           main] com.zaxxer.hikari.pool.HikariPool        : HikariPool-3 - Added connection com.mysql.cj.jdbc.ConnectionImpl@10aabada
2025-12-30T20:55:23.048+08:00  INFO 2816 --- [           main] com.zaxxer.hikari.HikariDataSource       : HikariPool-3 - Start completed.
2025-12-30T20:55:23.050+08:00  WARN 2816 --- [           main] org.hibernate.orm.deprecation            : HHH90000025: MySQL8Dialect does not need to be specified explicitly using 'hibernate.dialect' (remove the property setting and it will be selected by default)
2025-12-30T20:55:23.051+08:00  WARN 2816 --- [           main] org.hibernate.orm.deprecation            : HHH90000026: MySQL8Dialect has been deprecated; use org.hibernate.dialect.MySQLDialect instead
2025-12-30T20:55:23.115+08:00  INFO 2816 --- [           main] o.h.e.t.j.p.i.JtaPlatformInitiator       : HHH000489: No JTA platform available (set 'hibernate.transaction.jta.platform' to enable JTA platform integration)
2025-12-30T20:55:23.115+08:00  INFO 2816 --- [           main] j.LocalContainerEntityManagerFactoryBean : Initialized JPA EntityManagerFactory for persistence unit 'default'
2025-12-30T20:55:23.219+08:00  WARN 2816 --- [           main] JpaBaseConfiguration$JpaWebConfiguration : spring.jpa.open-in-view is enabled by default. Therefore, database queries may be performed during view rendering. Explicitly configure spring.jpa.open-in-view to disable this warning
2025-12-30T20:55:23.226+08:00  WARN 2816 --- [           main] .s.s.UserDetailsServiceAutoConfiguration : 

Using generated security password: 144c9496-b271-404b-b525-48831316d209

This generated password is for development use only. Your security configuration must be updated before running your application in production.

2025-12-30T20:55:23.311+08:00  INFO 2816 --- [           main] o.s.s.web.DefaultSecurityFilterChain     : Will secure any request with [org.springframework.security.web.session.DisableEncodeUrlFilter@5970734c, org.springframework.security.web.context.request.async.WebAsyncManagerIntegrationFilter@b8c4bcb, org.springframework.security.web.context.SecurityContextHolderFilter@439a0f0, org.springframework.security.web.header.HeaderWriterFilter@6cc1da7b, org.springframework.web.filter.CorsFilter@1bd95764, org.springframework.security.web.authentication.logout.LogoutFilter@4fc3bdb4, org.springframework.security.web.savedrequest.RequestCacheAwareFilter@6ac3ce34, org.springframework.security.web.servletapi.SecurityContextHolderAwareRequestFilter@6444bf53, org.springframework.security.web.authentication.AnonymousAuthenticationFilter@36bef8fb, org.springframework.security.web.access.ExceptionTranslationFilter@33a7a5ca, org.springframework.security.web.access.intercept.AuthorizationFilter@7afaf602]
2025-12-30T20:55:23.483+08:00  INFO 2816 --- [           main] c.e.l.service.UserServiceTest            : Started UserServiceTest in 0.995 seconds (process running for 10.502)
2025-12-30T20:55:23.489+08:00  INFO 2816 --- [           main] c.e.l.config.DataInitializer             : Current books in database: 5
2025-12-30T20:55:23.490+08:00  INFO 2816 --- [           main] c.e.l.config.DataInitializer             : Current users in database: 0
2025-12-30T20:55:23.490+08:00  INFO 2816 --- [           main] c.e.l.config.DataInitializer             : Creating test users...
2025-12-30T20:55:23.599+08:00  INFO 2816 --- [           main] c.e.l.config.DataInitializer             : Admin user created
2025-12-30T20:55:23.727+08:00  INFO 2816 --- [           main] c.e.l.config.DataInitializer             : Student user created
2025-12-30T20:55:23.880+08:00  INFO 2816 --- [           main] c.e.l.config.DataInitializer             : Teacher user created
]]></system-out>
  </testcase>
  <testcase name="testFindByUsernameNotFound" classname="com.example.librarymanagement.service.UserServiceTest" time="0.005"/>
  <testcase name="testRegisterNewUserSuccess" classname="com.example.librarymanagement.service.UserServiceTest" time="0.123"/>
  <testcase name="testRegisterPasswordEncrypted" classname="com.example.librarymanagement.service.UserServiceTest" time="0.319"/>
  <testcase name="testFindAllUsers" classname="com.example.librarymanagement.service.UserServiceTest" time="0.007"/>
  <testcase name="testCheckPasswordSuccess" classname="com.example.librarymanagement.service.UserServiceTest" time="0.34">
    <system-out><![CDATA[=== Password Debug ===
Plain password: password123
Hashed password: $2a$10$G2656ezsv2FRA1W1FvlqG.y0Kr5bS.gMB7LpgzjMg4s/e1ZNV0z9K
BCrypt check result: true
]]></system-out>
  </testcase>
  <testcase name="testSaveUserSuccess" classname="com.example.librarymanagement.service.UserServiceTest" time="0.006"/>
  <testcase name="testGeneratePasswordHashSuccess" classname="com.example.librarymanagement.service.UserServiceTest" time="0.268"/>
  <testcase name="testRegisterDefaultRoleStudent" classname="com.example.librarymanagement.service.UserServiceTest" time="0.109"/>
  <testcase name="testGeneratePasswordHashDifferentEachTime" classname="com.example.librarymanagement.service.UserServiceTest" time="0.434"/>
  <testcase name="testDeleteUserSuccess" classname="com.example.librarymanagement.service.UserServiceTest" time="0.004"/>
  <testcase name="testFindByIdNotFound" classname="com.example.librarymanagement.service.UserServiceTest" time="0.003"/>
  <testcase name="testFindByUsernameSuccess" classname="com.example.librarymanagement.service.UserServiceTest" time="0.002"/>
  <testcase name="testRegisterDefaultStatusActive" classname="com.example.librarymanagement.service.UserServiceTest" time="0.152"/>
  <testcase name="testCheckPasswordFailed" classname="com.example.librarymanagement.service.UserServiceTest" time="0.253">
    <system-out><![CDATA[=== Password Debug ===
Plain password: wrongpassword
Hashed password: $2a$10$0Esc/MsMc3k5l08uHvkSxeXfqOGYipdYll8whSfdaKkpDdKTwdspe
BCrypt check result: false
]]></system-out>
  </testcase>
  <testcase name="testGetTotalUsers" classname="com.example.librarymanagement.service.UserServiceTest" time="0.004"/>
  <testcase name="testRegisterUserAlreadyExists" classname="com.example.librarymanagement.service.UserServiceTest" time="0.004"/>
  <testcase name="testCheckPasswordException" classname="com.example.librarymanagement.service.UserServiceTest" time="0.004">
    <system-out><![CDATA[=== Password Debug ===
Plain password: password123
Hashed password: invalid
BCrypt check exception: Invalid salt version
]]></system-out>
    <system-err><![CDATA[java.lang.IllegalArgumentException: Invalid salt version
	at org.mindrot.jbcrypt.BCrypt.hashpw(BCrypt.java:659)
	at org.mindrot.jbcrypt.BCrypt.checkpw(BCrypt.java:764)
	at com.example.librarymanagement.service.UserService.checkPassword(UserService.java:55)
	at com.example.librarymanagement.service.UserServiceTest.testCheckPasswordException(UserServiceTest.java:251)
	at java.base/jdk.internal.reflect.DirectMethodHandleAccessor.invoke(DirectMethodHandleAccessor.java:103)
	at java.base/java.lang.reflect.Method.invoke(Method.java:580)
	at org.junit.platform.commons.util.ReflectionUtils.invokeMethod(ReflectionUtils.java:728)
	at org.junit.jupiter.engine.execution.MethodInvocation.proceed(MethodInvocation.java:60)
	at org.junit.jupiter.engine.execution.InvocationInterceptorChain$ValidatingInvocation.proceed(InvocationInterceptorChain.java:131)
	at org.junit.jupiter.engine.extension.TimeoutExtension.intercept(TimeoutExtension.java:156)
	at org.junit.jupiter.engine.extension.TimeoutExtension.interceptTestableMethod(TimeoutExtension.java:147)
	at org.junit.jupiter.engine.extension.TimeoutExtension.interceptTestMethod(TimeoutExtension.java:86)
	at org.junit.jupiter.engine.execution.InterceptingExecutableInvoker$ReflectiveInterceptorCall.lambda$ofVoidMethod$0(InterceptingExecutableInvoker.java:103)
	at org.junit.jupiter.engine.execution.InterceptingExecutableInvoker.lambda$invoke$0(InterceptingExecutableInvoker.java:93)
	at org.junit.jupiter.engine.execution.InvocationInterceptorChain$InterceptedInvocation.proceed(InvocationInterceptorChain.java:106)
	at org.junit.jupiter.engine.execution.InvocationInterceptorChain.proceed(InvocationInterceptorChain.java:64)
	at org.junit.jupiter.engine.execution.InvocationInterceptorChain.chainAndInvoke(InvocationInterceptorChain.java:45)
	at org.junit.jupiter.engine.execution.InvocationInterceptorChain.invoke(InvocationInterceptorChain.java:37)
	at org.junit.jupiter.engine.execution.InterceptingExecutableInvoker.invoke(InterceptingExecutableInvoker.java:92)
	at org.junit.jupiter.engine.execution.InterceptingExecutableInvoker.invoke(InterceptingExecutableInvoker.java:86)
	at org.junit.jupiter.engine.descriptor.TestMethodTestDescriptor.lambda$invokeTestMethod$7(TestMethodTestDescriptor.java:218)
	at org.junit.platform.engine.support.hierarchical.ThrowableCollector.execute(ThrowableCollector.java:73)
	at org.junit.jupiter.engine.descriptor.TestMethodTestDescriptor.invokeTestMethod(TestMethodTestDescriptor.java:214)
	at org.junit.jupiter.engine.descriptor.TestMethodTestDescriptor.execute(TestMethodTestDescriptor.java:139)
	at org.junit.jupiter.engine.descriptor.TestMethodTestDescriptor.execute(TestMethodTestDescriptor.java:69)
	at org.junit.platform.engine.support.hierarchical.NodeTestTask.lambda$executeRecursively$6(NodeTestTask.java:151)
	at org.junit.platform.engine.support.hierarchical.ThrowableCollector.execute(ThrowableCollector.java:73)
	at org.junit.platform.engine.support.hierarchical.NodeTestTask.lambda$executeRecursively$8(NodeTestTask.java:141)
	at org.junit.platform.engine.support.hierarchical.Node.around(Node.java:137)
	at org.junit.platform.engine.support.hierarchical.NodeTestTask.lambda$executeRecursively$9(NodeTestTask.java:139)
	at org.junit.platform.engine.support.hierarchical.ThrowableCollector.execute(ThrowableCollector.java:73)
	at org.junit.platform.engine.support.hierarchical.NodeTestTask.executeRecursively(NodeTestTask.java:138)
	at org.junit.platform.engine.support.hierarchical.NodeTestTask.execute(NodeTestTask.java:95)
	at java.base/java.util.ArrayList.forEach(ArrayList.java:1596)
	at org.junit.platform.engine.support.hierarchical.SameThreadHierarchicalTestExecutorService.invokeAll(SameThreadHierarchicalTestExecutorService.java:41)
	at org.junit.platform.engine.support.hierarchical.NodeTestTask.lambda$executeRecursively$6(NodeTestTask.java:155)
	at org.junit.platform.engine.support.hierarchical.ThrowableCollector.execute(ThrowableCollector.java:73)
	at org.junit.platform.engine.support.hierarchical.NodeTestTask.lambda$executeRecursively$8(NodeTestTask.java:141)
	at org.junit.platform.engine.support.hierarchical.Node.around(Node.java:137)
	at org.junit.platform.engine.support.hierarchical.NodeTestTask.lambda$executeRecursively$9(NodeTestTask.java:139)
	at org.junit.platform.engine.support.hierarchical.ThrowableCollector.execute(ThrowableCollector.java:73)
	at org.junit.platform.engine.support.hierarchical.NodeTestTask.executeRecursively(NodeTestTask.java:138)
	at org.junit.platform.engine.support.hierarchical.NodeTestTask.execute(NodeTestTask.java:95)
	at java.base/java.util.ArrayList.forEach(ArrayList.java:1596)
	at org.junit.platform.engine.support.hierarchical.SameThreadHierarchicalTestExecutorService.invokeAll(SameThreadHierarchicalTestExecutorService.java:41)
	at org.junit.platform.engine.support.hierarchical.NodeTestTask.lambda$executeRecursively$6(NodeTestTask.java:155)
	at org.junit.platform.engine.support.hierarchical.ThrowableCollector.execute(ThrowableCollector.java:73)
	at org.junit.platform.engine.support.hierarchical.NodeTestTask.lambda$executeRecursively$8(NodeTestTask.java:141)
	at org.junit.platform.engine.support.hierarchical.Node.around(Node.java:137)
	at org.junit.platform.engine.support.hierarchical.NodeTestTask.lambda$executeRecursively$9(NodeTestTask.java:139)
	at org.junit.platform.engine.support.hierarchical.ThrowableCollector.execute(ThrowableCollector.java:73)
	at org.junit.platform.engine.support.hierarchical.NodeTestTask.executeRecursively(NodeTestTask.java:138)
	at org.junit.platform.engine.support.hierarchical.NodeTestTask.execute(NodeTestTask.java:95)
	at org.junit.platform.engine.support.hierarchical.SameThreadHierarchicalTestExecutorService.submit(SameThreadHierarchicalTestExecutorService.java:35)
	at org.junit.platform.engine.support.hierarchical.HierarchicalTestExecutor.execute(HierarchicalTestExecutor.java:57)
	at org.junit.platform.engine.support.hierarchical.HierarchicalTestEngine.execute(HierarchicalTestEngine.java:54)
	at org.junit.platform.launcher.core.EngineExecutionOrchestrator.execute(EngineExecutionOrchestrator.java:198)
	at org.junit.platform.launcher.core.EngineExecutionOrchestrator.execute(EngineExecutionOrchestrator.java:169)
	at org.junit.platform.launcher.core.EngineExecutionOrchestrator.execute(EngineExecutionOrchestrator.java:93)
	at org.junit.platform.launcher.core.EngineExecutionOrchestrator.lambda$execute$0(EngineExecutionOrchestrator.java:58)
	at org.junit.platform.launcher.core.EngineExecutionOrchestrator.withInterceptedStreams(EngineExecutionOrchestrator.java:141)
	at org.junit.platform.launcher.core.EngineExecutionOrchestrator.execute(EngineExecutionOrchestrator.java:57)
	at org.junit.platform.launcher.core.DefaultLauncher.execute(DefaultLauncher.java:103)
	at org.junit.platform.launcher.core.DefaultLauncher.execute(DefaultLauncher.java:85)
	at org.junit.platform.launcher.core.DelegatingLauncher.execute(DelegatingLauncher.java:47)
	at org.apache.maven.surefire.junitplatform.LazyLauncher.execute(LazyLauncher.java:56)
	at org.apache.maven.surefire.junitplatform.JUnitPlatformProvider.execute(JUnitPlatformProvider.java:184)
	at org.apache.maven.surefire.junitplatform.JUnitPlatformProvider.invokeAllTests(JUnitPlatformProvider.java:148)
	at org.apache.maven.surefire.junitplatform.JUnitPlatformProvider.invoke(JUnitPlatformProvider.java:122)
	at org.apache.maven.surefire.booter.ForkedBooter.runSuitesInProcess(ForkedBooter.java:385)
	at org.apache.maven.surefire.booter.ForkedBooter.execute(ForkedBooter.java:162)
	at org.apache.maven.surefire.booter.ForkedBooter.run(ForkedBooter.java:507)
	at org.apache.maven.surefire.booter.ForkedBooter.main(ForkedBooter.java:495)
]]></system-err>
  </testcase>
</testsuite>