<?xml version="1.0" encoding="UTF-8"?>
<testsuite xmlns:xsi="http://www.w3.org/2001/XMLSchema-instance" xsi:noNamespaceSchemaLocation="https://maven.apache.org/surefire/maven-surefire-plugin/xsd/surefire-test-report-3.0.xsd" version="3.0" name="com.example.librarymanagement.service.BookServiceTest" time="6.241" tests="19" errors="0" skipped="0" failures="0">
  <properties>
[...]
</properties>
  <testcase name="testSearchBooksSuccess" classname="com.example.librarymanagement.service.BookServiceTest" time="0.053">
    <system-out><![CDATA[20:55:14.258 [main] INFO org.springframework.test.context.support.AnnotationConfigContextLoaderUtils -- Could not detect default configuration classes for test class [com.example.librarymanagement.service.BookServiceTest]: BookServiceTest does not declare any static, non-private, non-final, nested classes annotated with @Configuration.
20:55:14.359 [main] INFO org.springframework.boot.test.context.SpringBootTestContextBootstrapper -- Found @SpringBootConfiguration com.example.librarymanagement.LibraryManagementApplication for test class com.example.librarymanagement.service.BookServiceTest

  .   ____          _            __ _ _
 /\\ / ___'_ __ _ _(_)_ __  __ _ \ \ \ \
( ( )\___ | '_ | '_| | '_ \/ _` | \ \ \ \
 \\/  ___)| |_)| | | | | || (_| |  ) ) ) )
  '  |____| .__|_| |_|_| |_\__, | / / / /
 =========|_|==============|___/=/_/_/_/
 :: Spring Boot ::                (v3.2.0)

2025-12-30T20:55:14.708+08:00  INFO 2816 --- [           main] c.e.l.service.BookServiceTest            : Starting BookServiceTest using Java 21.0.8 with PID 2816 (started by 叶如 in D:\Rita的college\大三上\软件工程\图书管理系统\backend)
2025-12-30T20:55:14.709+08:00  INFO 2816 --- [           main] c.e.l.service.BookServiceTest            : No active profile set, falling back to 1 default profile: "default"
2025-12-30T20:55:15.590+08:00  INFO 2816 --- [           main] .s.d.r.c.RepositoryConfigurationDelegate : Bootstrapping Spring Data JPA repositories in DEFAULT mode.
2025-12-30T20:55:15.647+08:00  INFO 2816 --- [           main] .s.d.r.c.RepositoryConfigurationDelegate : Finished Spring Data repository scanning in 50 ms. Found 3 JPA repository interfaces.
2025-12-30T20:55:17.151+08:00  INFO 2816 --- [           main] o.hibernate.jpa.internal.util.LogHelper  : HHH000204: Processing PersistenceUnitInfo [name: default]
2025-12-30T20:55:17.207+08:00  INFO 2816 --- [           main] org.hibernate.Version                    : HHH000412: Hibernate ORM core version 6.3.1.Final
2025-12-30T20:55:17.245+08:00  INFO 2816 --- [           main] o.h.c.internal.RegionFactoryInitiator    : HHH000026: Second-level cache disabled
2025-12-30T20:55:17.373+08:00  INFO 2816 --- [           main] o.s.o.j.p.SpringPersistenceUnitInfo      : No LoadTimeWeaver setup: ignoring JPA class transformer
2025-12-30T20:55:17.409+08:00  INFO 2816 --- [           main] com.zaxxer.hikari.HikariDataSource       : HikariPool-1 - Starting...
2025-12-30T20:55:17.589+08:00  INFO 2816 --- [           main] com.zaxxer.hikari.pool.HikariPool        : HikariPool-1 - Added connection com.mysql.cj.jdbc.ConnectionImpl@38c55a8a
2025-12-30T20:55:17.593+08:00  INFO 2816 --- [           main] com.zaxxer.hikari.HikariDataSource       : HikariPool-1 - Start completed.
2025-12-30T20:55:17.617+08:00  WARN 2816 --- [           main] org.hibernate.orm.deprecation            : HHH90000025: MySQL8Dialect does not need to be specified explicitly using 'hibernate.dialect' (remove the property setting and it will be selected by default)
2025-12-30T20:55:17.619+08:00  WARN 2816 --- [           main] org.hibernate.orm.deprecation            : HHH90000026: MySQL8Dialect has been deprecated; use org.hibernate.dialect.MySQLDialect instead
2025-12-30T20:55:18.335+08:00  INFO 2816 --- [           main] o.h.e.t.j.p.i.JtaPlatformInitiator       : HHH000489: No JTA platform available (set 'hibernate.transaction.jta.platform' to enable JTA platform integration)
2025-12-30T20:55:18.338+08:00  INFO 2816 --- [           main] j.LocalContainerEntityManagerFactoryBean : Initialized JPA EntityManagerFactory for persistence unit 'default'
2025-12-30T20:55:18.743+08:00  INFO 2816 --- [           main] o.s.d.j.r.query.QueryEnhancerFactory     : Hibernate is in classpath; If applicable, HQL parser will be used.
2025-12-30T20:55:18.799+08:00  WARN 2816 --- [           main] JpaBaseConfiguration$JpaWebConfiguration : spring.jpa.open-in-view is enabled by default. Therefore, database queries may be performed during view rendering. Explicitly configure spring.jpa.open-in-view to disable this warning
2025-12-30T20:55:18.823+08:00  WARN 2816 --- [           main] .s.s.UserDetailsServiceAutoConfiguration : 

Using generated security password: d4c8ac49-bf1c-4688-ae85-0c9c41d8690d

This generated password is for development use only. Your security configuration must be updated before running your application in production.

2025-12-30T20:55:19.162+08:00  INFO 2816 --- [           main] o.s.s.web.DefaultSecurityFilterChain     : Will secure any request with [org.springframework.security.web.session.DisableEncodeUrlFilter@7c045627, org.springframework.security.web.context.request.async.WebAsyncManagerIntegrationFilter@d79a69b, org.springframework.security.web.context.SecurityContextHolderFilter@1e6cd1c, org.springframework.security.web.header.HeaderWriterFilter@8929865, org.springframework.web.filter.CorsFilter@51158fb1, org.springframework.security.web.authentication.logout.LogoutFilter@59f5a376, org.springframework.security.web.savedrequest.RequestCacheAwareFilter@19f9287a, org.springframework.security.web.servletapi.SecurityContextHolderAwareRequestFilter@4924ad09, org.springframework.security.web.authentication.AnonymousAuthenticationFilter@62682ece, org.springframework.security.web.access.ExceptionTranslationFilter@89dd102, org.springframework.security.web.access.intercept.AuthorizationFilter@65528bcf]
2025-12-30T20:55:19.510+08:00  INFO 2816 --- [           main] c.e.l.service.BookServiceTest            : Started BookServiceTest in 5.027 seconds (process running for 6.528)
2025-12-30T20:55:19.523+08:00  INFO 2816 --- [           main] c.e.l.config.DataInitializer             : Current books in database: 0
2025-12-30T20:55:19.523+08:00  WARN 2816 --- [           main] c.e.l.config.DataInitializer             : No books found in database. Data should be initialized via SQL scripts.
2025-12-30T20:55:19.813+08:00  INFO 2816 --- [           main] c.e.l.config.DataInitializer             : Current users in database: 0
2025-12-30T20:55:19.813+08:00  INFO 2816 --- [           main] c.e.l.config.DataInitializer             : Creating test users...
2025-12-30T20:55:19.989+08:00  INFO 2816 --- [           main] c.e.l.config.DataInitializer             : Admin user created
2025-12-30T20:55:20.062+08:00  INFO 2816 --- [           main] c.e.l.config.DataInitializer             : Student user created
2025-12-30T20:55:20.133+08:00  INFO 2816 --- [           main] c.e.l.config.DataInitializer             : Teacher user created
]]></system-out>
    <system-err><![CDATA[WARNING: A Java agent has been loaded dynamically (D:\apache-maven-3.9.11\apache-maven-3.9.11\maven_repository\net\bytebuddy\byte-buddy-agent\1.14.10\byte-buddy-agent-1.14.10.jar)
WARNING: If a serviceability tool is in use, please run with -XX:+EnableDynamicAgentLoading to hide this warning
WARNING: If a serviceability tool is not in use, please run with -Djdk.instrument.traceUsage for more information
WARNING: Dynamic loading of agents will be disallowed by default in a future release
]]></system-err>
  </testcase>
  <testcase name="testFindByIdSuccess" classname="com.example.librarymanagement.service.BookServiceTest" time="0.007"/>
  <testcase name="testSearchBooksEmptyKeyword" classname="com.example.librarymanagement.service.BookServiceTest" time="0.004"/>
  <testcase name="testIsAvailableZeroStock" classname="com.example.librarymanagement.service.BookServiceTest" time="0.006"/>
  <testcase name="testDecreaseStockNotNegative" classname="com.example.librarymanagement.service.BookServiceTest" time="0.009"/>
  <testcase name="testFindAllBooks" classname="com.example.librarymanagement.service.BookServiceTest" time="0.004"/>
  <testcase name="testIncreaseStockBookNotFound" classname="com.example.librarymanagement.service.BookServiceTest" time="0.004"/>
  <testcase name="testUpdateBook" classname="com.example.librarymanagement.service.BookServiceTest" time="0.005"/>
  <testcase name="testSearchBooksNoResults" classname="com.example.librarymanagement.service.BookServiceTest" time="0.003"/>
  <testcase name="testSaveBookSuccess" classname="com.example.librarymanagement.service.BookServiceTest" time="0.004"/>
  <testcase name="testFindByIdNotFound" classname="com.example.librarymanagement.service.BookServiceTest" time="0.007"/>
  <testcase name="testDeleteBookSuccess" classname="com.example.librarymanagement.service.BookServiceTest" time="0.004"/>
  <testcase name="testIncreaseStockSuccess" classname="com.example.librarymanagement.service.BookServiceTest" time="0.003"/>
  <testcase name="testGetTotalBooks" classname="com.example.librarymanagement.service.BookServiceTest" time="0.005"/>
  <testcase name="testIsAvailableSuccess" classname="com.example.librarymanagement.service.BookServiceTest" time="0.002"/>
  <testcase name="testDecreaseStockBookNotFound" classname="com.example.librarymanagement.service.BookServiceTest" time="0.002"/>
  <testcase name="testCreateNewBook" classname="com.example.librarymanagement.service.BookServiceTest" time="0.002"/>
  <testcase name="testDecreaseStockSuccess" classname="com.example.librarymanagement.service.BookServiceTest" time="0.005"/>
  <testcase name="testIsAvailableBookNotFound" classname="com.example.librarymanagement.service.BookServiceTest" time="0.004"/>
</testsuite>